<?xml version="1.0" encoding="UTF-8"?>
<!-- Generated by org.testng.reporters.JUnitReportReporter -->
<testsuite hostname="LAPTOP-U21G5LB7" name="Amazon.LaunchAmazonNG" tests="1" failures="1" timestamp="22 Dec 2020 14:05:26 GMT" time="2.473" errors="0">
  <testcase name="launchBrowser" time="2.473" classname="Amazon.LaunchAmazonNG">
    <failure type="org.openqa.selenium.SessionNotCreatedException" message="session not created: This version of ChromeDriver only supports Chrome version 79
Build info: version: &#039;3.141.59&#039;, revision: &#039;e82be7d358&#039;, time: &#039;2018-11-14T08:25:48&#039;
System info: host: &#039;LAPTOP-U21G5LB7&#039;, ip: &#039;192.168.29.183&#039;, os.name: &#039;Windows 10&#039;, os.arch: &#039;amd64&#039;, os.version: &#039;10.0&#039;, java.version: &#039;1.8.0_241&#039;
Driver info: driver.version: ChromeDriver
remote stacktrace: Backtrace:
	Ordinal0 [0x00DAA113+1548563]
	Ordinal0 [0x00D2DDA1+1039777]
	Ordinal0 [0x00CAE485+517253]
	Ordinal0 [0x00C3FD34+64820]
	Ordinal0 [0x00C3C61E+50718]
	Ordinal0 [0x00C5B797+178071]
	Ordinal0 [0x00C5B59D+177565]
	Ordinal0 [0x00C595FB+169467]
	Ordinal0 [0x00C4160A+71178]
	Ordinal0 [0x00C42690+75408]
	Ordinal0 [0x00C42629+75305]
	Ordinal0 [0x00D471B7+1143223]
	GetHandleVerifier [0x00E42B46+507814]
	GetHandleVerifier [0x00E42864+507076]
	GetHandleVerifier [0x00E49F47+537511]
	GetHandleVerifier [0x00E43402+510050]
	Ordinal0 [0x00D3F29C+1110684]
	Ordinal0 [0x00D4938B+1151883]
	Ordinal0 [0x00D494F3+1152243]
	Ordinal0 [0x00D483F5+1147893]
	BaseThreadInitThunk [0x7666FA29+25]
	RtlGetAppContainerNamedObjectPath [0x774C75F4+228]
	RtlGetAppContainerNamedObjectPath [0x774C75C4+180]
">
      <![CDATA[org.openqa.selenium.SessionNotCreatedException: session not created: This version of ChromeDriver only supports Chrome version 79
Build info: version: '3.141.59', revision: 'e82be7d358', time: '2018-11-14T08:25:48'
System info: host: 'LAPTOP-U21G5LB7', ip: '192.168.29.183', os.name: 'Windows 10', os.arch: 'amd64', os.version: '10.0', java.version: '1.8.0_241'
Driver info: driver.version: ChromeDriver
remote stacktrace: Backtrace:
	Ordinal0 [0x00DAA113+1548563]
	Ordinal0 [0x00D2DDA1+1039777]
	Ordinal0 [0x00CAE485+517253]
	Ordinal0 [0x00C3FD34+64820]
	Ordinal0 [0x00C3C61E+50718]
	Ordinal0 [0x00C5B797+178071]
	Ordinal0 [0x00C5B59D+177565]
	Ordinal0 [0x00C595FB+169467]
	Ordinal0 [0x00C4160A+71178]
	Ordinal0 [0x00C42690+75408]
	Ordinal0 [0x00C42629+75305]
	Ordinal0 [0x00D471B7+1143223]
	GetHandleVerifier [0x00E42B46+507814]
	GetHandleVerifier [0x00E42864+507076]
	GetHandleVerifier [0x00E49F47+537511]
	GetHandleVerifier [0x00E43402+510050]
	Ordinal0 [0x00D3F29C+1110684]
	Ordinal0 [0x00D4938B+1151883]
	Ordinal0 [0x00D494F3+1152243]
	Ordinal0 [0x00D483F5+1147893]
	BaseThreadInitThunk [0x7666FA29+25]
	RtlGetAppContainerNamedObjectPath [0x774C75F4+228]
	RtlGetAppContainerNamedObjectPath [0x774C75C4+180]

	at sun.reflect.NativeConstructorAccessorImpl.newInstance0(Native Method)
	at sun.reflect.NativeConstructorAccessorImpl.newInstance(NativeConstructorAccessorImpl.java:62)
	at sun.reflect.DelegatingConstructorAccessorImpl.newInstance(DelegatingConstructorAccessorImpl.java:45)
	at java.lang.reflect.Constructor.newInstance(Constructor.java:423)
	at org.openqa.selenium.remote.W3CHandshakeResponse.lambda$errorHandler$0(W3CHandshakeResponse.java:62)
	at org.openqa.selenium.remote.HandshakeResponse.lambda$getResponseFunction$0(HandshakeResponse.java:30)
	at org.openqa.selenium.remote.ProtocolHandshake.lambda$createSession$0(ProtocolHandshake.java:126)
	at java.util.stream.ReferencePipeline$3$1.accept(ReferencePipeline.java:193)
	at java.util.Spliterators$ArraySpliterator.tryAdvance(Spliterators.java:958)
	at java.util.stream.ReferencePipeline.forEachWithCancel(ReferencePipeline.java:126)
	at java.util.stream.AbstractPipeline.copyIntoWithCancel(AbstractPipeline.java:499)
	at java.util.stream.AbstractPipeline.copyInto(AbstractPipeline.java:486)
	at java.util.stream.AbstractPipeline.wrapAndCopyInto(AbstractPipeline.java:472)
	at java.util.stream.FindOps$FindOp.evaluateSequential(FindOps.java:152)
	at java.util.stream.AbstractPipeline.evaluate(AbstractPipeline.java:234)
	at java.util.stream.ReferencePipeline.findFirst(ReferencePipeline.java:464)
	at org.openqa.selenium.remote.ProtocolHandshake.createSession(ProtocolHandshake.java:128)
	at org.openqa.selenium.remote.ProtocolHandshake.createSession(ProtocolHandshake.java:74)
	at org.openqa.selenium.remote.HttpCommandExecutor.execute(HttpCommandExecutor.java:136)
	at org.openqa.selenium.remote.service.DriverCommandExecutor.execute(DriverCommandExecutor.java:83)
	at org.openqa.selenium.remote.RemoteWebDriver.execute(RemoteWebDriver.java:552)
	at org.openqa.selenium.remote.RemoteWebDriver.startSession(RemoteWebDriver.java:213)
	at org.openqa.selenium.remote.RemoteWebDriver.<init>(RemoteWebDriver.java:131)
	at org.openqa.selenium.chrome.ChromeDriver.<init>(ChromeDriver.java:181)
	at org.openqa.selenium.chrome.ChromeDriver.<init>(ChromeDriver.java:168)
	at org.openqa.selenium.chrome.ChromeDriver.<init>(ChromeDriver.java:123)
	at Amazon.LaunchAmazonNG.launchBrowser(LaunchAmazonNG.java:19)
	at sun.reflect.NativeMethodAccessorImpl.invoke0(Native Method)
	at sun.reflect.NativeMethodAccessorImpl.invoke(NativeMethodAccessorImpl.java:62)
	at sun.reflect.DelegatingMethodAccessorImpl.invoke(DelegatingMethodAccessorImpl.java:43)
	at java.lang.reflect.Method.invoke(Method.java:498)
	at org.testng.internal.MethodInvocationHelper.invokeMethod(MethodInvocationHelper.java:80)
	at org.testng.internal.Invoker.invokeMethod(Invoker.java:715)
	at org.testng.internal.Invoker.invokeTestMethod(Invoker.java:907)
	at org.testng.internal.Invoker.invokeTestMethods(Invoker.java:1237)
	at org.testng.internal.TestMethodWorker.invokeTestMethods(TestMethodWorker.java:127)
	at org.testng.internal.TestMethodWorker.run(TestMethodWorker.java:111)
	at org.testng.TestRunner.privateRun(TestRunner.java:767)
	at org.testng.TestRunner.run(TestRunner.java:617)
	at org.testng.SuiteRunner.runTest(SuiteRunner.java:334)
	at org.testng.SuiteRunner.runSequentially(SuiteRunner.java:329)
	at org.testng.SuiteRunner.privateRun(SuiteRunner.java:291)
	at org.testng.SuiteRunner.run(SuiteRunner.java:240)
	at org.testng.SuiteRunnerWorker.runSuite(SuiteRunnerWorker.java:51)
	at org.testng.SuiteRunnerWorker.run(SuiteRunnerWorker.java:85)
	at org.testng.TestNG.runSuitesSequentially(TestNG.java:1197)
	at org.testng.TestNG.runSuitesLocally(TestNG.java:1122)
	at org.testng.TestNG.run(TestNG.java:1030)
	at org.testng.remote.AbstractRemoteTestNG.run(AbstractRemoteTestNG.java:115)
	at org.testng.remote.RemoteTestNG.initAndRun(RemoteTestNG.java:251)
	at org.testng.remote.RemoteTestNG.main(RemoteTestNG.java:77)
]]>
    </failure>
  </testcase> <!-- launchBrowser -->
</testsuite> <!-- Amazon.LaunchAmazonNG -->
